<?xml version="1.0" encoding="UTF-8"?>
<!-- Generated by org.testng.reporters.JUnitXMLReporter -->
<testsuite hostname="DESKTOP-Q15J7MR" ignored="0" name="Command line test" tests="1" failures="1" timestamp="2023-06-04T16:02:52 BDT" time="0.607" errors="0">
  <testcase name="runScenario" time="0.075" classname="io.cucumber.testng.AbstractTestNGCucumberTests">
    <failure type="io.cucumber.java.PendingException" message="TODO: implement me">
      <![CDATA[io.cucumber.java.PendingException: TODO: implement me
at Real_Scenario.realStepDef.i_m_on_the_store_page(realStepDef.java:11)
at ✽.I'm on the Store Page(classpath:Real_Scenario/real.feature:6)
]]>
    </failure>
  </testcase> <!-- runScenario -->
</testsuite> <!-- Command line test -->
