<?xml version="1.0" encoding="UTF-8"?>
<!-- Generated by org.testng.reporters.JUnitXMLReporter -->
<testsuite hostname="DESKTOP-Q15J7MR" ignored="0" name="Command line test" tests="2" failures="0" timestamp="2023-06-07T10:32:35 BDT" time="13.377" errors="0">
  <testcase name="runScenario" time="4.941" classname="io.cucumber.testng.AbstractTestNGCucumberTests"/>
  <testcase name="runScenario" time="7.881" classname="io.cucumber.testng.AbstractTestNGCucumberTests"/>
</testsuite> <!-- Command line test -->
