-------------------------------------------------------------------------------
Test set: Real_Scenario.JUnitRunnerTest
-------------------------------------------------------------------------------
Tests run: 1, Failures: 0, Errors: 1, Skipped: 0, Time elapsed: 0.539 sec <<< FAILURE!
Add one quantity to the cart(Add to cart)  Time elapsed: 0.074 sec  <<< ERROR!
io.cucumber.java.PendingException: TODO: implement me
	at Real_Scenario.realStepDef.i_m_on_the_store_page(realStepDef.java:11)
	at ?.I'm on the Store Page(classpath:Real_Scenario/real.feature:6)

