<?xml version="1.0" encoding="UTF-8" ?>
<testsuite tests="2" failures="1" name="TestSuite" time="22.255" errors="0" skipped="0">
  <properties>
[...]
</properties>
  <testcase classname="Real_Scenario.runner.TestNGRunnerTest" name="runScenario" time="13.621"/>
  <testcase classname="Real_Scenario.runner.TestNGRunnerTest" name="runScenario" time="8.634">
    <failure message="Element &lt;button id=&quot;place_order&quot; class=&quot;button alt&quot; name=&quot;woocommerce_checkout_place_order&quot; type=&quot;submit&quot;&gt; is not clickable at point (1034,403) because another element &lt;div class=&quot;blockUI blockOverlay&quot;&gt; obscures it
Build info: version: &apos;4.9.1&apos;, revision: &apos;eb2032df7f&apos;
System info: os.name: &apos;Windows 10&apos;, os.arch: &apos;amd64&apos;, os.version: &apos;10.0&apos;, java.version: &apos;1.8.0_111&apos;
Driver info: org.openqa.selenium.firefox.FirefoxDriver
Command: [2deb64fc-22c3-4fa1-bf2a-598c8ef71e33, clickElement {id=70cae038-d110-48a7-81f8-e5b5c7190571}]
Capabilities {acceptInsecureCerts: true, browserName: firefox, browserVersion: 106.0.5, moz:accessibilityChecks: false, moz:buildID: 20221104133228, moz:debuggerAddress: 127.0.0.1:44636, moz:geckodriverVersion: 0.32.0, moz:headless: false, moz:platformVersion: 10.0, moz:processID: 10968, moz:profile: C:\Users\MUSTAF~1\AppData\L..., moz:shutdownTimeout: 60000, moz:useNonSpecCompliantPointerOrigin: false, moz:webdriverClick: true, moz:windowless: false, pageLoadStrategy: normal, platformName: windows, proxy: Proxy(), se:cdp: ws://127.0.0.1:44636/devtoo..., se:cdpVersion: 85.0, setWindowRect: true, strictFileInteractability: false, timeouts: {implicit: 0, pageLoad: 300000, script: 30000}, unhandledPromptBehavior: dismiss and notify}
Element: [[FirefoxDriver: firefox on windows (2deb64fc-22c3-4fa1-bf2a-598c8ef71e33)] -&gt; xpath: //button[@id=&apos;place_order&apos;]]
Session ID: 2deb64fc-22c3-4fa1-bf2a-598c8ef71e33" type="org.openqa.selenium.ElementClickInterceptedException">org.openqa.selenium.ElementClickInterceptedException: Element &lt;button id=&quot;place_order&quot; class=&quot;button alt&quot; name=&quot;woocommerce_checkout_place_order&quot; type=&quot;submit&quot;&gt; is not clickable at point (1034,403) because another element &lt;div class=&quot;blockUI blockOverlay&quot;&gt; obscures it
Build info: version: &apos;4.9.1&apos;, revision: &apos;eb2032df7f&apos;
System info: os.name: &apos;Windows 10&apos;, os.arch: &apos;amd64&apos;, os.version: &apos;10.0&apos;, java.version: &apos;1.8.0_111&apos;
Driver info: org.openqa.selenium.firefox.FirefoxDriver
Command: [2deb64fc-22c3-4fa1-bf2a-598c8ef71e33, clickElement {id=70cae038-d110-48a7-81f8-e5b5c7190571}]
Capabilities {acceptInsecureCerts: true, browserName: firefox, browserVersion: 106.0.5, moz:accessibilityChecks: false, moz:buildID: 20221104133228, moz:debuggerAddress: 127.0.0.1:44636, moz:geckodriverVersion: 0.32.0, moz:headless: false, moz:platformVersion: 10.0, moz:processID: 10968, moz:profile: C:\Users\MUSTAF~1\AppData\L..., moz:shutdownTimeout: 60000, moz:useNonSpecCompliantPointerOrigin: false, moz:webdriverClick: true, moz:windowless: false, pageLoadStrategy: normal, platformName: windows, proxy: Proxy(), se:cdp: ws://127.0.0.1:44636/devtoo..., se:cdpVersion: 85.0, setWindowRect: true, strictFileInteractability: false, timeouts: {implicit: 0, pageLoad: 300000, script: 30000}, unhandledPromptBehavior: dismiss and notify}
Element: [[FirefoxDriver: firefox on windows (2deb64fc-22c3-4fa1-bf2a-598c8ef71e33)] -&gt; xpath: //button[@id=&apos;place_order&apos;]]
Session ID: 2deb64fc-22c3-4fa1-bf2a-598c8ef71e33
	at sun.reflect.NativeConstructorAccessorImpl.newInstance0(Native Method)
	at sun.reflect.NativeConstructorAccessorImpl.newInstance(NativeConstructorAccessorImpl.java:62)
	at sun.reflect.DelegatingConstructorAccessorImpl.newInstance(DelegatingConstructorAccessorImpl.java:45)
	at java.lang.reflect.Constructor.newInstance(Constructor.java:423)
	at org.openqa.selenium.remote.codec.w3c.W3CHttpResponseCodec.createException(W3CHttpResponseCodec.java:200)
	at org.openqa.selenium.remote.codec.w3c.W3CHttpResponseCodec.decode(W3CHttpResponseCodec.java:133)
	at org.openqa.selenium.remote.codec.w3c.W3CHttpResponseCodec.decode(W3CHttpResponseCodec.java:53)
	at org.openqa.selenium.remote.HttpCommandExecutor.execute(HttpCommandExecutor.java:193)
	at org.openqa.selenium.remote.service.DriverCommandExecutor.invokeExecute(DriverCommandExecutor.java:183)
	at org.openqa.selenium.remote.service.DriverCommandExecutor.execute(DriverCommandExecutor.java:158)
	at org.openqa.selenium.remote.RemoteWebDriver.execute(RemoteWebDriver.java:543)
	at org.openqa.selenium.remote.RemoteWebElement.execute(RemoteWebElement.java:257)
	at org.openqa.selenium.remote.RemoteWebElement.click(RemoteWebElement.java:78)
	at sun.reflect.NativeMethodAccessorImpl.invoke0(Native Method)
	at sun.reflect.NativeMethodAccessorImpl.invoke(NativeMethodAccessorImpl.java:62)
	at sun.reflect.DelegatingMethodAccessorImpl.invoke(DelegatingMethodAccessorImpl.java:43)
	at java.lang.reflect.Method.invoke(Method.java:498)
	at org.openqa.selenium.support.pagefactory.internal.LocatingElementHandler.invoke(LocatingElementHandler.java:52)
	at com.sun.proxy.$Proxy26.click(Unknown Source)
	at Real_Scenario.pages.CheckoutPage.placeorder(CheckoutPage.java:109)
	at Real_Scenario.stepDef.realStepDef.iPlaceAnOrder(realStepDef.java:70)
	at ✽.I place an order(file:///E:/Intellij%20Files/Selenium_Cucumber/src/test/resources/Real_Scenario/guest_place_an_order.feature:13)
</failure>
    <system-out>
Scenario Outline: Using default payment option &amp;#27;[90m# src/test/resources/Real_Scenario/guest_place_an_order.feature:18&amp;#27;[0m
  &amp;#27;[32mGiven &amp;#27;[0m&amp;#27;[32mI&apos;m a customer&amp;#27;[0m                         &amp;#27;[90m# Real_Scenario.stepDef.realStepDef.iMACustomer()&amp;#27;[0m
  &amp;#27;[32mAnd &amp;#27;[0m&amp;#27;[32mI have &amp;#27;[0m&amp;#27;[32m&amp;#27;[1m1&amp;#27;[0m&amp;#27;[32m &amp;#27;[0m&amp;#27;[32m&amp;#27;[1m&quot;Blue Shoes&quot;&amp;#27;[0m&amp;#27;[32m in the cart&amp;#27;[0m        &amp;#27;[90m# Real_Scenario.stepDef.realStepDef.iHaveQuantityInTheCart(int,java.lang.String)&amp;#27;[0m
  &amp;#27;[32mAnd &amp;#27;[0m&amp;#27;[32mI&apos;m on the checkout page&amp;#27;[0m                 &amp;#27;[90m# Real_Scenario.stepDef.realStepDef.iMOnTheCheckoutPage()&amp;#27;[0m
  &amp;#27;[32mWhen &amp;#27;[0m&amp;#27;[32mI provide billing details&amp;#27;[0m               &amp;#27;[90m# Real_Scenario.stepDef.realStepDef.iProvideBillingDetails(java.util.List&lt;java.util.Map&lt;java.lang.String, java.lang.String&gt;&gt;)&amp;#27;[0m
    | first_name | last_name | country    | street      | town  | state | zip  | phone       | email              |
    | Mustafizur | Rahman    | Bangladesh | Narayanganj | Dhaka | Dhaka | 1250 | 01686026037 | mustafiz@gmail.com |
  &amp;#27;[31mAnd &amp;#27;[0m&amp;#27;[31mI place an order&amp;#27;[0m                         &amp;#27;[90m# Real_Scenario.stepDef.realStepDef.iPlaceAnOrder()&amp;#27;[0m
      &amp;#27;[31morg.openqa.selenium.ElementClickInterceptedException: Element &lt;button id=&quot;place_order&quot; class=&quot;button alt&quot; name=&quot;woocommerce_checkout_place_order&quot; type=&quot;submit&quot;&gt; is not clickable at point (1034,403) because another element &lt;div class=&quot;blockUI blockOverlay&quot;&gt; obscures it
Build info: version: &apos;4.9.1&apos;, revision: &apos;eb2032df7f&apos;
System info: os.name: &apos;Windows 10&apos;, os.arch: &apos;amd64&apos;, os.version: &apos;10.0&apos;, java.version: &apos;1.8.0_111&apos;
Driver info: org.openqa.selenium.firefox.FirefoxDriver
Command: [2deb64fc-22c3-4fa1-bf2a-598c8ef71e33, clickElement {id=70cae038-d110-48a7-81f8-e5b5c7190571}]
Capabilities {acceptInsecureCerts: true, browserName: firefox, browserVersion: 106.0.5, moz:accessibilityChecks: false, moz:buildID: 20221104133228, moz:debuggerAddress: 127.0.0.1:44636, moz:geckodriverVersion: 0.32.0, moz:headless: false, moz:platformVersion: 10.0, moz:processID: 10968, moz:profile: C:\Users\MUSTAF~1\AppData\L..., moz:shutdownTimeout: 60000, moz:useNonSpecCompliantPointerOrigin: false, moz:webdriverClick: true, moz:windowless: false, pageLoadStrategy: normal, platformName: windows, proxy: Proxy(), se:cdp: ws://127.0.0.1:44636/devtoo..., se:cdpVersion: 85.0, setWindowRect: true, strictFileInteractability: false, timeouts: {implicit: 0, pageLoad: 300000, script: 30000}, unhandledPromptBehavior: dismiss and notify}
Element: [[FirefoxDriver: firefox on windows (2deb64fc-22c3-4fa1-bf2a-598c8ef71e33)] -&gt; xpath: //button[@id=&apos;place_order&apos;]]
Session ID: 2deb64fc-22c3-4fa1-bf2a-598c8ef71e33
	at sun.reflect.NativeConstructorAccessorImpl.newInstance0(Native Method)
	at sun.reflect.NativeConstructorAccessorImpl.newInstance(NativeConstructorAccessorImpl.java:62)
	at sun.reflect.DelegatingConstructorAccessorImpl.newInstance(DelegatingConstructorAccessorImpl.java:45)
	at java.lang.reflect.Constructor.newInstance(Constructor.java:423)
	at org.openqa.selenium.remote.codec.w3c.W3CHttpResponseCodec.createException(W3CHttpResponseCodec.java:200)
	at org.openqa.selenium.remote.codec.w3c.W3CHttpResponseCodec.decode(W3CHttpResponseCodec.java:133)
	at org.openqa.selenium.remote.codec.w3c.W3CHttpResponseCodec.decode(W3CHttpResponseCodec.java:53)
	at org.openqa.selenium.remote.HttpCommandExecutor.execute(HttpCommandExecutor.java:193)
	at org.openqa.selenium.remote.service.DriverCommandExecutor.invokeExecute(DriverCommandExecutor.java:183)
	at org.openqa.selenium.remote.service.DriverCommandExecutor.execute(DriverCommandExecutor.java:158)
	at org.openqa.selenium.remote.RemoteWebDriver.execute(RemoteWebDriver.java:543)
	at org.openqa.selenium.remote.RemoteWebElement.execute(RemoteWebElement.java:257)
	at org.openqa.selenium.remote.RemoteWebElement.click(RemoteWebElement.java:78)
	at sun.reflect.NativeMethodAccessorImpl.invoke0(Native Method)
	at sun.reflect.NativeMethodAccessorImpl.invoke(NativeMethodAccessorImpl.java:62)
	at sun.reflect.DelegatingMethodAccessorImpl.invoke(DelegatingMethodAccessorImpl.java:43)
	at java.lang.reflect.Method.invoke(Method.java:498)
	at org.openqa.selenium.support.pagefactory.internal.LocatingElementHandler.invoke(LocatingElementHandler.java:52)
	at com.sun.proxy.$Proxy26.click(Unknown Source)
	at Real_Scenario.pages.CheckoutPage.placeorder(CheckoutPage.java:109)
	at Real_Scenario.stepDef.realStepDef.iPlaceAnOrder(realStepDef.java:70)
	at âœ½.I place an order(file:///E:/Intellij%20Files/Selenium_Cucumber/src/test/resources/Real_Scenario/guest_place_an_order.feature:13)
&amp;#27;[0m
  &amp;#27;[36mThen &amp;#27;[0m&amp;#27;[36mThe order should be placed successfully&amp;#27;[0m &amp;#27;[90m# Real_Scenario.stepDef.realStepDef.theOrderShouldBePlacedSuccessfully()&amp;#27;[0m
</system-out>
    <system-err>1686115151846	geckodriver	INFO	Listening on 127.0.0.1:47705
1686115151893	mozrunner::runner	INFO	Running command: &quot;C:\\Program Files\\Mozilla Firefox\\firefox.exe&quot; &quot;--marionette&quot; &quot;--remote-debugging-port&quot; &quot;44636&quot; &quot;--remote-allow-hosts&quot; &quot;localhost&quot; &quot;--remote-allow-origins&quot; &quot;http://127.0.0.1:44636/,http://localhost:44636/,http://[::1]:44636/&quot; &quot;-no-remote&quot; &quot;-profile&quot; &quot;C:\\Users\\MUSTAF~1\\AppData\\Local\\Temp\\rust_mozprofileiiNdhw&quot;
1686115152237	Marionette	INFO	Marionette enabled
1686115152242	Marionette	INFO	Listening on port 57307
WebDriver BiDi listening on ws://127.0.0.1:44636
Read port: 57307
1686115152493	RemoteAgent	WARN	TLS certificate errors will be ignored for this session
console.warn: SearchSettings: &quot;get: No settings file exists, new profile?&quot; (new NotFoundError(&quot;Could not open the file at C:\\Users\\MUSTAF~1\\AppData\\Local\\Temp\\rust_mozprofileiiNdhw\\search.json.mozlz4&quot;, (void 0)))
DevTools listening on ws://127.0.0.1:44636/devtools/browser/c48ad41e-9a96-43db-a945-23f4c8e64de1
JavaScript error: resource://gre/modules/XULStore.jsm, line 58: Error: Can&apos;t find profile directory.
JavaScript error: resource://gre/modules/XULStore.jsm, line 58: Error: Can&apos;t find profile directory.
1686115159574	RemoteAgent	INFO	Perform WebSocket upgrade for incoming connection from 127.0.0.1:57333
1686115159579	CDP	ERROR	Invalid browser preferences for CDP. Set &quot;fission.webContentIsolationStrategy&quot;to 0 and &quot;fission.bfcacheInParent&quot; to false before Firefox starts.
1686115159589	Marionette	INFO	Stopped listening on port 57307
JavaScript error: resource://gre/modules/Sqlite.jsm, line 764: Error: Connection closed before committing the transaction.
</system-err>
  </testcase>
</testsuite>