<?xml version="1.0" encoding="UTF-8"?>
<testng-results skipped="0" failed="1" ignored="0" total="2" passed="1">
  <reporter-output>
  </reporter-output>
  <suite name="Surefire suite" duration-ms="11303" started-at="2023-06-07T15:16:52 BDT" finished-at="2023-06-07T15:17:04 BDT">
    <groups>
      <group name="cucumber">
        <method signature="AbstractTestNGCucumberTests.runScenario(io.cucumber.testng.PickleWrapper,io.cucumber.testng.FeatureWrapper)[pri:0, instance:Real_Scenario.runner.TestNGRunnerTest@a38d7a3]" name="runScenario" class="io.cucumber.testng.AbstractTestNGCucumberTests"/>
      </group> <!-- cucumber -->
    </groups>
    <test name="Surefire test" duration-ms="11303" started-at="2023-06-07T15:16:52 BDT" finished-at="2023-06-07T15:17:04 BDT">
      <class name="Real_Scenario.runner.TestNGRunnerTest">
        <test-method status="PASS" signature="setUpClass(org.testng.ITestContext)[pri:0, instance:Real_Scenario.runner.TestNGRunnerTest@a38d7a3]" name="setUpClass" is-config="true" duration-ms="362" started-at="2023-06-07T15:16:52 BDT" finished-at="2023-06-07T15:16:53 BDT">
          <params>
            <param index="0">
              <value>
                <![CDATA[org.testng.TestRunner@17d919b6]]>
              </value>
            </param>
          </params>
          <reporter-output>
          </reporter-output>
        </test-method> <!-- setUpClass -->
        <test-method status="PASS" signature="runScenario(io.cucumber.testng.PickleWrapper,io.cucumber.testng.FeatureWrapper)[pri:0, instance:Real_Scenario.runner.TestNGRunnerTest@a38d7a3]" name="runScenario" duration-ms="10716" started-at="2023-06-07T15:16:53 BDT" description="Runs Cucumber Scenarios" data-provider="scenarios" finished-at="2023-06-07T15:17:03 BDT">
          <params>
            <param index="0">
              <value>
                <![CDATA["Add one quantity to the cart"]]>
              </value>
            </param>
            <param index="1">
              <value>
                <![CDATA["Optional[Add to cart]"]]>
              </value>
            </param>
          </params>
          <reporter-output>
          </reporter-output>
        </test-method> <!-- runScenario -->
        <test-method status="FAIL" signature="runScenario(io.cucumber.testng.PickleWrapper,io.cucumber.testng.FeatureWrapper)[pri:0, instance:Real_Scenario.runner.TestNGRunnerTest@a38d7a3]" name="runScenario" duration-ms="10716" started-at="2023-06-07T15:16:53 BDT" description="Runs Cucumber Scenarios" data-provider="scenarios" finished-at="2023-06-07T15:17:03 BDT">
          <params>
            <param index="0">
              <value>
                <![CDATA["Using default payment option"]]>
              </value>
            </param>
            <param index="1">
              <value>
                <![CDATA["Optional[Place an Order]"]]>
              </value>
            </param>
          </params>
          <exception class="org.openqa.selenium.NoSuchSessionException">
            <message>
              <![CDATA[invalid session id
Build info: version: '4.9.1', revision: 'eb2032df7f'
System info: os.name: 'Windows 10', os.arch: 'amd64', os.version: '10.0', java.version: '1.8.0_111'
Driver info: org.openqa.selenium.chrome.ChromeDriver
Command: [803514d9e8fd5e352f4512814c1abf17, findElement {using=xpath, value=//input[@id='billing_first_name']}]
Capabilities {acceptInsecureCerts: false, browserName: chrome, browserVersion: 114.0.5735.110, chrome: {chromedriverVersion: 114.0.5735.90 (386bc09e8f4f..., userDataDir: C:\Users\MUSTAF~1\AppData\L...}, goog:chromeOptions: {debuggerAddress: localhost:60610}, networkConnectionEnabled: false, pageLoadStrategy: normal, platformName: windows, proxy: Proxy(), se:cdp: ws://localhost:60610/devtoo..., se:cdpVersion: 114.0.5735.110, setWindowRect: true, strictFileInteractability: false, timeouts: {implicit: 0, pageLoad: 300000, script: 30000}, unhandledPromptBehavior: dismiss and notify, webauthn:extension:credBlob: true, webauthn:extension:largeBlob: true, webauthn:extension:minPinLength: true, webauthn:extension:prf: true, webauthn:virtualAuthenticators: true}
Session ID: 803514d9e8fd5e352f4512814c1abf17]]>
            </message>
            <full-stacktrace>
              <![CDATA[org.openqa.selenium.NoSuchSessionException: invalid session id
Build info: version: '4.9.1', revision: 'eb2032df7f'
System info: os.name: 'Windows 10', os.arch: 'amd64', os.version: '10.0', java.version: '1.8.0_111'
Driver info: org.openqa.selenium.chrome.ChromeDriver
Command: [803514d9e8fd5e352f4512814c1abf17, findElement {using=xpath, value=//input[@id='billing_first_name']}]
Capabilities {acceptInsecureCerts: false, browserName: chrome, browserVersion: 114.0.5735.110, chrome: {chromedriverVersion: 114.0.5735.90 (386bc09e8f4f..., userDataDir: C:\Users\MUSTAF~1\AppData\L...}, goog:chromeOptions: {debuggerAddress: localhost:60610}, networkConnectionEnabled: false, pageLoadStrategy: normal, platformName: windows, proxy: Proxy(), se:cdp: ws://localhost:60610/devtoo..., se:cdpVersion: 114.0.5735.110, setWindowRect: true, strictFileInteractability: false, timeouts: {implicit: 0, pageLoad: 300000, script: 30000}, unhandledPromptBehavior: dismiss and notify, webauthn:extension:credBlob: true, webauthn:extension:largeBlob: true, webauthn:extension:minPinLength: true, webauthn:extension:prf: true, webauthn:virtualAuthenticators: true}
Session ID: 803514d9e8fd5e352f4512814c1abf17
at sun.reflect.NativeConstructorAccessorImpl.newInstance0(Native Method)
at sun.reflect.NativeConstructorAccessorImpl.newInstance(NativeConstructorAccessorImpl.java:62)
at sun.reflect.DelegatingConstructorAccessorImpl.newInstance(DelegatingConstructorAccessorImpl.java:45)
at java.lang.reflect.Constructor.newInstance(Constructor.java:423)
at org.openqa.selenium.remote.codec.w3c.W3CHttpResponseCodec.createException(W3CHttpResponseCodec.java:200)
at org.openqa.selenium.remote.codec.w3c.W3CHttpResponseCodec.decode(W3CHttpResponseCodec.java:133)
at org.openqa.selenium.remote.codec.w3c.W3CHttpResponseCodec.decode(W3CHttpResponseCodec.java:53)
at org.openqa.selenium.remote.HttpCommandExecutor.execute(HttpCommandExecutor.java:193)
at org.openqa.selenium.remote.service.DriverCommandExecutor.invokeExecute(DriverCommandExecutor.java:183)
at org.openqa.selenium.remote.service.DriverCommandExecutor.execute(DriverCommandExecutor.java:158)
at org.openqa.selenium.remote.RemoteWebDriver.execute(RemoteWebDriver.java:543)
at org.openqa.selenium.remote.ElementLocation$ElementFinder$2.findElement(ElementLocation.java:162)
at org.openqa.selenium.remote.ElementLocation.findElement(ElementLocation.java:60)
at org.openqa.selenium.remote.RemoteWebDriver.findElement(RemoteWebDriver.java:352)
at org.openqa.selenium.remote.RemoteWebDriver.findElement(RemoteWebDriver.java:344)
at org.openqa.selenium.support.pagefactory.DefaultElementLocator.findElement(DefaultElementLocator.java:70)
at org.openqa.selenium.support.pagefactory.internal.LocatingElementHandler.invoke(LocatingElementHandler.java:39)
at com.sun.proxy.$Proxy25.isDisplayed(Unknown Source)
at org.openqa.selenium.support.ui.ExpectedConditions.elementIfVisible(ExpectedConditions.java:307)
at org.openqa.selenium.support.ui.ExpectedConditions.access$000(ExpectedConditions.java:40)
at org.openqa.selenium.support.ui.ExpectedConditions$10.apply(ExpectedConditions.java:293)
at org.openqa.selenium.support.ui.ExpectedConditions$10.apply(ExpectedConditions.java:290)
at org.openqa.selenium.support.ui.FluentWait.until(FluentWait.java:208)
at Real_Scenario.pages.CheckoutPage.enterFirstName(CheckoutPage.java:30)
at Real_Scenario.pages.CheckoutPage.setBillingDetails(CheckoutPage.java:102)
at Real_Scenario.stepDef.realStepDef.iProvideBillingDetails(realStepDef.java:56)
at ✽.I provide billing details(file:///E:/Intellij%20Files/Selenium_Cucumber/src/test/resources/Real_Scenario/guest_place_an_order.feature:8)
]]>
            </full-stacktrace>
          </exception> <!-- org.openqa.selenium.NoSuchSessionException -->
          <reporter-output>
          </reporter-output>
        </test-method> <!-- runScenario -->
        <test-method status="PASS" signature="tearDownClass()[pri:0, instance:Real_Scenario.runner.TestNGRunnerTest@a38d7a3]" name="tearDownClass" is-config="true" duration-ms="165" started-at="2023-06-07T15:17:03 BDT" finished-at="2023-06-07T15:17:04 BDT">
          <reporter-output>
          </reporter-output>
        </test-method> <!-- tearDownClass -->
      </class> <!-- Real_Scenario.runner.TestNGRunnerTest -->
    </test> <!-- Surefire test -->
  </suite> <!-- Surefire suite -->
</testng-results>
