<?xml version="1.0" encoding="UTF-8"?>
<testng-results skipped="0" failed="0" ignored="0" total="0" passed="0">
  <reporter-output>
  </reporter-output>
  <suite name="Command line suite" duration-ms="551" started-at="2023-06-07T09:37:54 BDT" finished-at="2023-06-07T09:37:55 BDT">
    <groups>
      <group name="cucumber">
        <method signature="AbstractTestNGCucumberTests.runScenario(io.cucumber.testng.PickleWrapper,io.cucumber.testng.FeatureWrapper)[pri:0, instance:Real_Scenario.runner.TestNGRunnerTest@cb51256]" name="runScenario" class="io.cucumber.testng.AbstractTestNGCucumberTests"/>
      </group> <!-- cucumber -->
    </groups>
    <test name="Command line test" duration-ms="551" started-at="2023-06-07T09:37:54 BDT" finished-at="2023-06-07T09:37:55 BDT">
      <class name="Real_Scenario.runner.TestNGRunnerTest">
        <test-method status="PASS" signature="setUpClass(org.testng.ITestContext)[pri:0, instance:Real_Scenario.runner.TestNGRunnerTest@cb51256]" name="setUpClass" is-config="true" duration-ms="380" started-at="2023-06-07T09:37:54 BDT" finished-at="2023-06-07T09:37:55 BDT">
          <params>
            <param index="0">
              <value>
                <![CDATA[org.testng.TestRunner@730d2164]]>
              </value>
            </param>
          </params>
          <reporter-output>
          </reporter-output>
        </test-method> <!-- setUpClass -->
        <test-method status="PASS" signature="beforeClass()[pri:0, instance:Real_Scenario.runner.TestNGRunnerTest@cb51256]" name="beforeClass" is-config="true" duration-ms="0" started-at="2023-06-07T09:37:55 BDT" finished-at="2023-06-07T09:37:55 BDT">
          <reporter-output>
          </reporter-output>
        </test-method> <!-- beforeClass -->
        <test-method status="PASS" signature="tearDownClass()[pri:0, instance:Real_Scenario.runner.TestNGRunnerTest@cb51256]" name="tearDownClass" is-config="true" duration-ms="145" started-at="2023-06-07T09:37:55 BDT" finished-at="2023-06-07T09:37:55 BDT">
          <reporter-output>
          </reporter-output>
        </test-method> <!-- tearDownClass -->
        <test-method status="PASS" signature="afterClass()[pri:0, instance:Real_Scenario.runner.TestNGRunnerTest@cb51256]" name="afterClass" is-config="true" duration-ms="0" started-at="2023-06-07T09:37:55 BDT" finished-at="2023-06-07T09:37:55 BDT">
          <reporter-output>
          </reporter-output>
        </test-method> <!-- afterClass -->
      </class> <!-- Real_Scenario.runner.TestNGRunnerTest -->
    </test> <!-- Command line test -->
  </suite> <!-- Command line suite -->
</testng-results>
