<?xml version="1.0" encoding="UTF-8"?>
<testng-results skipped="0" failed="1" ignored="0" total="1" passed="0">
  <reporter-output>
  </reporter-output>
  <suite name="Command line suite" duration-ms="639" started-at="2023-06-04T15:39:59 BDT" finished-at="2023-06-04T15:40:00 BDT">
    <groups>
      <group name="cucumber">
        <method signature="AbstractTestNGCucumberTests.runScenario(io.cucumber.testng.PickleWrapper,io.cucumber.testng.FeatureWrapper)[pri:0, instance:Real_Scenario.TestNGRunnerTest@887af79]" name="runScenario" class="io.cucumber.testng.AbstractTestNGCucumberTests"/>
      </group> <!-- cucumber -->
    </groups>
    <test name="Command line test" duration-ms="639" started-at="2023-06-04T15:39:59 BDT" finished-at="2023-06-04T15:40:00 BDT">
      <class name="Real_Scenario.TestNGRunnerTest">
        <test-method status="PASS" signature="setUpClass(org.testng.ITestContext)[pri:0, instance:Real_Scenario.TestNGRunnerTest@887af79]" name="setUpClass" is-config="true" duration-ms="535" started-at="2023-06-04T15:39:59 BDT" finished-at="2023-06-04T15:40:00 BDT">
          <params>
            <param index="0">
              <value>
                <![CDATA[org.testng.TestRunner@37fb0bed]]>
              </value>
            </param>
          </params>
          <reporter-output>
          </reporter-output>
        </test-method> <!-- setUpClass -->
        <test-method status="FAIL" signature="runScenario(io.cucumber.testng.PickleWrapper,io.cucumber.testng.FeatureWrapper)[pri:0, instance:Real_Scenario.TestNGRunnerTest@887af79]" name="runScenario" duration-ms="71" started-at="2023-06-04T15:40:00 BDT" description="Runs Cucumber Scenarios" data-provider="scenarios" finished-at="2023-06-04T15:40:00 BDT">
          <params>
            <param index="0">
              <value>
                <![CDATA["Add one quantity to the cart"]]>
              </value>
            </param>
            <param index="1">
              <value>
                <![CDATA["Optional[Add to cart]"]]>
              </value>
            </param>
          </params>
          <exception class="io.cucumber.java.PendingException">
            <message>
              <![CDATA[TODO: implement me]]>
            </message>
            <full-stacktrace>
              <![CDATA[io.cucumber.java.PendingException: TODO: implement me
at Real_Scenario.realStepDef.i_m_on_the_store_page(realStepDef.java:11)
at ✽.I'm on the Store Page(classpath:Real_Scenario/real.feature:6)
]]>
            </full-stacktrace>
          </exception> <!-- io.cucumber.java.PendingException -->
          <reporter-output>
          </reporter-output>
        </test-method> <!-- runScenario -->
        <test-method status="PASS" signature="tearDownClass()[pri:0, instance:Real_Scenario.TestNGRunnerTest@887af79]" name="tearDownClass" is-config="true" duration-ms="9" started-at="2023-06-04T15:40:00 BDT" finished-at="2023-06-04T15:40:00 BDT">
          <reporter-output>
          </reporter-output>
        </test-method> <!-- tearDownClass -->
      </class> <!-- Real_Scenario.TestNGRunnerTest -->
    </test> <!-- Command line test -->
  </suite> <!-- Command line suite -->
</testng-results>
