<?xml version="1.0" encoding="UTF-8"?>
<!-- Generated by org.testng.reporters.JUnitReportReporter -->
<testsuite skipped="0" hostname="DESKTOP-Q15J7MR" name="Real_Scenario.TestNGRunnerTest" tests="1" failures="0" timestamp="2023-06-04T16:02:52 BDT" time="0.075" errors="1">
  <testcase name="runScenario" time="0.075" classname="Real_Scenario.TestNGRunnerTest">
    <error type="io.cucumber.java.PendingException" message="TODO: implement me">
      <![CDATA[io.cucumber.java.PendingException: TODO: implement me
at Real_Scenario.realStepDef.i_m_on_the_store_page(realStepDef.java:11)
at ✽.I'm on the Store Page(classpath:Real_Scenario/real.feature:6)
]]>
    </error>
  </testcase> <!-- runScenario -->
  <system-out/>
</testsuite> <!-- Real_Scenario.TestNGRunnerTest -->
