<?xml version="1.0" encoding="UTF-8"?>
<!-- Generated by org.testng.reporters.JUnitReportReporter -->
<testsuite skipped="0" hostname="DESKTOP-Q15J7MR" name="Real_Scenario.runner.TestNGRunnerTest" tests="2" failures="0" timestamp="2023-06-07T11:19:20 BDT" time="22.265" errors="1">
  <testcase name="runScenario" time="13.603" classname="Real_Scenario.runner.TestNGRunnerTest"/>
  <system-out/>
  <testcase name="runScenario" time="8.662" classname="Real_Scenario.runner.TestNGRunnerTest">
    <error type="org.openqa.selenium.ElementClickInterceptedException" message="Element &lt;button id=&quot;place_order&quot; class=&quot;button alt&quot; name=&quot;woocommerce_checkout_place_order&quot; type=&quot;submit&quot;&gt; is not clickable at point (1034,403) because another element &lt;div class=&quot;blockUI blockOverlay&quot;&gt; obscures it
Build info: version: &#039;4.9.1&#039;, revision: &#039;eb2032df7f&#039;
System info: os.name: &#039;Windows 10&#039;, os.arch: &#039;amd64&#039;, os.version: &#039;10.0&#039;, java.version: &#039;1.8.0_111&#039;
Driver info: org.openqa.selenium.firefox.FirefoxDriver
Command: [2deb64fc-22c3-4fa1-bf2a-598c8ef71e33, clickElement {id=70cae038-d110-48a7-81f8-e5b5c7190571}]
Capabilities {acceptInsecureCerts: true, browserName: firefox, browserVersion: 106.0.5, moz:accessibilityChecks: false, moz:buildID: 20221104133228, moz:debuggerAddress: 127.0.0.1:44636, moz:geckodriverVersion: 0.32.0, moz:headless: false, moz:platformVersion: 10.0, moz:processID: 10968, moz:profile: C:\Users\MUSTAF~1\AppData\L..., moz:shutdownTimeout: 60000, moz:useNonSpecCompliantPointerOrigin: false, moz:webdriverClick: true, moz:windowless: false, pageLoadStrategy: normal, platformName: windows, proxy: Proxy(), se:cdp: ws://127.0.0.1:44636/devtoo..., se:cdpVersion: 85.0, setWindowRect: true, strictFileInteractability: false, timeouts: {implicit: 0, pageLoad: 300000, script: 30000}, unhandledPromptBehavior: dismiss and notify}
Element: [[FirefoxDriver: firefox on windows (2deb64fc-22c3-4fa1-bf2a-598c8ef71e33)] -&gt; xpath: //button[@id=&#039;place_order&#039;]]
Session ID: 2deb64fc-22c3-4fa1-bf2a-598c8ef71e33">
      <![CDATA[org.openqa.selenium.ElementClickInterceptedException: Element <button id="place_order" class="button alt" name="woocommerce_checkout_place_order" type="submit"> is not clickable at point (1034,403) because another element <div class="blockUI blockOverlay"> obscures it
Build info: version: '4.9.1', revision: 'eb2032df7f'
System info: os.name: 'Windows 10', os.arch: 'amd64', os.version: '10.0', java.version: '1.8.0_111'
Driver info: org.openqa.selenium.firefox.FirefoxDriver
Command: [2deb64fc-22c3-4fa1-bf2a-598c8ef71e33, clickElement {id=70cae038-d110-48a7-81f8-e5b5c7190571}]
Capabilities {acceptInsecureCerts: true, browserName: firefox, browserVersion: 106.0.5, moz:accessibilityChecks: false, moz:buildID: 20221104133228, moz:debuggerAddress: 127.0.0.1:44636, moz:geckodriverVersion: 0.32.0, moz:headless: false, moz:platformVersion: 10.0, moz:processID: 10968, moz:profile: C:\Users\MUSTAF~1\AppData\L..., moz:shutdownTimeout: 60000, moz:useNonSpecCompliantPointerOrigin: false, moz:webdriverClick: true, moz:windowless: false, pageLoadStrategy: normal, platformName: windows, proxy: Proxy(), se:cdp: ws://127.0.0.1:44636/devtoo..., se:cdpVersion: 85.0, setWindowRect: true, strictFileInteractability: false, timeouts: {implicit: 0, pageLoad: 300000, script: 30000}, unhandledPromptBehavior: dismiss and notify}
Element: [[FirefoxDriver: firefox on windows (2deb64fc-22c3-4fa1-bf2a-598c8ef71e33)] -> xpath: //button[@id='place_order']]
Session ID: 2deb64fc-22c3-4fa1-bf2a-598c8ef71e33
at sun.reflect.NativeConstructorAccessorImpl.newInstance0(Native Method)
at sun.reflect.NativeConstructorAccessorImpl.newInstance(NativeConstructorAccessorImpl.java:62)
at sun.reflect.DelegatingConstructorAccessorImpl.newInstance(DelegatingConstructorAccessorImpl.java:45)
at java.lang.reflect.Constructor.newInstance(Constructor.java:423)
at org.openqa.selenium.remote.codec.w3c.W3CHttpResponseCodec.createException(W3CHttpResponseCodec.java:200)
at org.openqa.selenium.remote.codec.w3c.W3CHttpResponseCodec.decode(W3CHttpResponseCodec.java:133)
at org.openqa.selenium.remote.codec.w3c.W3CHttpResponseCodec.decode(W3CHttpResponseCodec.java:53)
at org.openqa.selenium.remote.HttpCommandExecutor.execute(HttpCommandExecutor.java:193)
at org.openqa.selenium.remote.service.DriverCommandExecutor.invokeExecute(DriverCommandExecutor.java:183)
at org.openqa.selenium.remote.service.DriverCommandExecutor.execute(DriverCommandExecutor.java:158)
at org.openqa.selenium.remote.RemoteWebDriver.execute(RemoteWebDriver.java:543)
at org.openqa.selenium.remote.RemoteWebElement.execute(RemoteWebElement.java:257)
at org.openqa.selenium.remote.RemoteWebElement.click(RemoteWebElement.java:78)
at sun.reflect.NativeMethodAccessorImpl.invoke0(Native Method)
at sun.reflect.NativeMethodAccessorImpl.invoke(NativeMethodAccessorImpl.java:62)
at sun.reflect.DelegatingMethodAccessorImpl.invoke(DelegatingMethodAccessorImpl.java:43)
at java.lang.reflect.Method.invoke(Method.java:498)
at org.openqa.selenium.support.pagefactory.internal.LocatingElementHandler.invoke(LocatingElementHandler.java:52)
at com.sun.proxy.$Proxy26.click(Unknown Source)
at Real_Scenario.pages.CheckoutPage.placeorder(CheckoutPage.java:109)
at Real_Scenario.stepDef.realStepDef.iPlaceAnOrder(realStepDef.java:70)
at ✽.I place an order(file:///E:/Intellij%20Files/Selenium_Cucumber/src/test/resources/Real_Scenario/guest_place_an_order.feature:13)
]]>
    </error>
  </testcase> <!-- runScenario -->
  <system-out/>
</testsuite> <!-- Real_Scenario.runner.TestNGRunnerTest -->
